<?xml version="1.0" encoding="UTF-8"?>
<!-- Generated by org.testng.reporters.JUnitReportReporter -->
<testsuite hostname="LAPTOP-6VG60CHG" name="Com.ems.Extra_Concepts.RequestSpecificationExample" tests="3" failures="0" timestamp="16 Oct 2023 03:51:03 GMT" time="7.422" errors="0">
  <testcase name="getAllemploees" time="2.176" classname="Com.ems.Extra_Concepts.RequestSpecificationExample"/>
  <testcase name="createAnemployeeBDD" time="3.153" classname="Com.ems.Extra_Concepts.RequestSpecificationExample"/>
  <testcase name="getAnemploee" time="2.093" classname="Com.ems.Extra_Concepts.RequestSpecificationExample"/>
</testsuite> <!-- Com.ems.Extra_Concepts.RequestSpecificationExample -->
