<?xml version="1.0" encoding="UTF-8"?>
<!-- Generated by org.testng.reporters.JUnitReportReporter -->
<testsuite hostname="LAPTOP-6VG60CHG" name="Com.lao.auth.BearerTokenAuth" tests="1" failures="0" timestamp="16 Oct 2023 05:23:21 GMT" time="3.990" errors="0">
  <testcase name="bearertoken" time="3.990" classname="Com.lao.auth.BearerTokenAuth"/>
</testsuite> <!-- Com.lao.auth.BearerTokenAuth -->
