<?xml version="1.0" encoding="UTF-8"?>
<!-- Generated by org.testng.reporters.JUnitReportReporter -->
<testsuite hostname="LAPTOP-6VG60CHG" name="Com.ems.Json_schema_validation.NetworkNtJsonSchemaValidate" tests="1" failures="0" timestamp="12 Oct 2023 10:15:29 GMT" time="0.444" errors="0">
  <testcase name="vaildateJsonSchema" time="0.444" classname="Com.ems.Json_schema_validation.NetworkNtJsonSchemaValidate"/>
</testsuite> <!-- Com.ems.Json_schema_validation.NetworkNtJsonSchemaValidate -->
