<?xml version="1.0" encoding="UTF-8"?>
<!-- Generated by org.testng.reporters.JUnitReportReporter -->
<testsuite hostname="LAPTOP-6VG60CHG" name="Com.lao.auth.APIKeyAuth" tests="1" failures="0" timestamp="16 Oct 2023 05:09:49 GMT" time="2.288" errors="0">
  <testcase name="apikeysUsingHeaders" time="2.288" classname="Com.lao.auth.APIKeyAuth"/>
</testsuite> <!-- Com.lao.auth.APIKeyAuth -->
