<?xml version="1.0" encoding="UTF-8"?>
<!-- Generated by org.testng.reporters.JUnitReportReporter -->
<testsuite hostname="LAPTOP-6VG60CHG" name="Com.ems.Json_schema_validation.HamcrestMatcherjsonschemavalidation" tests="1" failures="0" timestamp="12 Oct 2023 10:24:29 GMT" time="0.558" errors="0">
  <testcase name="validate" time="0.558" classname="Com.ems.Json_schema_validation.HamcrestMatcherjsonschemavalidation"/>
</testsuite> <!-- Com.ems.Json_schema_validation.HamcrestMatcherjsonschemavalidation -->
