<?xml version="1.0" encoding="UTF-8"?>
<!-- Generated by org.testng.reporters.JUnitReportReporter -->
<testsuite hostname="LAPTOP-6VG60CHG" name="Com.lao.auth.OAuth2O" tests="1" failures="0" timestamp="16 Oct 2023 05:27:16 GMT" time="4.065" errors="0">
  <testcase name="OAuth2O" time="4.065" classname="Com.lao.auth.OAuth2O"/>
</testsuite> <!-- Com.lao.auth.OAuth2O -->
