<?xml version="1.0" encoding="UTF-8"?>
<!-- Generated by org.testng.reporters.JUnitReportReporter -->
<testsuite hostname="LAPTOP-6VG60CHG" name="Com.lao.auth.BasicAuth" tests="1" failures="0" timestamp="16 Oct 2023 04:20:23 GMT" time="3.496" errors="0">
  <testcase name="basicauth" time="3.496" classname="Com.lao.auth.BasicAuth"/>
</testsuite> <!-- Com.lao.auth.BasicAuth -->
