<?xml version="1.0" encoding="UTF-8"?>
<!-- Generated by org.testng.reporters.JUnitReportReporter -->
<testsuite hostname="LAPTOP-6VG60CHG" name="Com.ems.Extra_Concepts.Serialization" tests="1" failures="0" timestamp="16 Oct 2023 08:48:06 GMT" time="5.487" errors="0">
  <testcase name="serialization" time="5.487" classname="Com.ems.Extra_Concepts.Serialization"/>
</testsuite> <!-- Com.ems.Extra_Concepts.Serialization -->
