<?xml version="1.0" encoding="UTF-8"?>
<!-- Generated by org.testng.reporters.JUnitReportReporter -->
<testsuite hostname="LAPTOP-6VG60CHG" name="Com.ems.non_BDD.GetAllEmployees" tests="1" failures="0" timestamp="12 Oct 2023 08:08:19 GMT" time="6.924" errors="0">
  <testcase name="getanemployee" time="6.924" classname="Com.ems.non_BDD.GetAllEmployees"/>
</testsuite> <!-- Com.ems.non_BDD.GetAllEmployees -->
