<?xml version="1.0" encoding="UTF-8"?>
<!-- Generated by org.testng.reporters.JUnitReportReporter -->
<testsuite hostname="LAPTOP-6VG60CHG" name="Com.ems.BDDStyle.GetAllemployees" tests="1" failures="0" timestamp="12 Oct 2023 08:27:05 GMT" time="4.591" errors="0">
  <testcase name="deleteanemployee" time="4.591" classname="Com.ems.BDDStyle.GetAllemployees"/>
</testsuite> <!-- Com.ems.BDDStyle.GetAllemployees -->
