<?xml version="1.0" encoding="UTF-8"?>
<!-- Generated by org.testng.reporters.JUnitReportReporter -->
<testsuite hostname="LAPTOP-6VG60CHG" name="Com.ems.Json_schema_validation.Restassuredjsonschemavalidation" tests="1" failures="0" timestamp="12 Oct 2023 09:37:00 GMT" time="5.160" errors="0">
  <testcase name="vaildationusingMatchesJsonSchema" time="5.160" classname="Com.ems.Json_schema_validation.Restassuredjsonschemavalidation"/>
</testsuite> <!-- Com.ems.Json_schema_validation.Restassuredjsonschemavalidation -->
