<?xml version="1.0" encoding="UTF-8"?>
<!-- Generated by org.testng.reporters.JUnitReportReporter -->
<testsuite hostname="LAPTOP-6VG60CHG" name="Com.ems.BDDStyle.GetAllemployeesbddStyle" tests="1" failures="0" timestamp="13 Oct 2023 06:01:02 GMT" time="5.661" errors="0">
  <testcase name="getAllemploees" time="5.661" classname="Com.ems.BDDStyle.GetAllemployeesbddStyle"/>
</testsuite> <!-- Com.ems.BDDStyle.GetAllemployeesbddStyle -->
